kotlin version: 2.2.21
error message: Incremental compilation failed: The following FqNames can't be derived from DirtyData.dirtyLookupSymbols: com.example.core.model.products.ProductsModel.
DirtyData = DirtyData(dirtyLookupSymbols=[LookupSymbol(name=fromJson, scope=com.example.core.model.products.ProductsModel.CREATOR), LookupSymbol(name=createFromParcel, scope=com.example.core.model.products.ProductsModel.CREATOR), LookupSymbol(name=idp, scope=com.example.core.model.products.conten.ReviewItem), LookupSymbol(name=userAvatar, scope=com.example.core.model.products.conten.ReviewItem), LookupSymbol(name=<SAM-CONSTRUCTOR>, scope=com.example.core.model.products.ProductsModel), LookupSymbol(name=component1, scope=com.example.core.model.products.conten.ReviewItem), LookupSymbol(name=CREATOR, scope=com.example.core.model.products.ProductsModel), LookupSymbol(name=<SAM-CONSTRUCTOR>, scope=com.example.core.model.products.ProductsModel.CREATOR), LookupSymbol(name=newArray, scope=com.example.core.model.products.ProductsModel.CREATOR), LookupSymbol(name=copy, scope=com.example.core.model.products.conten.ReviewItem), LookupSymbol(name=userName, scope=com.example.core.model.products.conten.ReviewItem), LookupSymbol(name=component6, scope=com.example.core.model.products.conten.ReviewItem), LookupSymbol(name=component7, scope=com.example.core.model.products.conten.ReviewItem), LookupSymbol(name=<SAM-CONSTRUCTOR>, scope=com.example.core.model.products.conten.ReviewItem), LookupSymbol(name=empty, scope=com.example.core.model.products.ProductsModel.CREATOR), LookupSymbol(name=ReviewItem, scope=com.example.core.model.products.conten)], dirtyClassesFqNames=[com.example.core.model.products.conten.ReviewItem, com.example.core.model.products.ProductsModel, com.example.core.model.products.ProductsModel.CREATOR], dirtyClassesFqNamesForceRecompile=[])
java.lang.IllegalStateException: The following FqNames can't be derived from DirtyData.dirtyLookupSymbols: com.example.core.model.products.ProductsModel.
DirtyData = DirtyData(dirtyLookupSymbols=[LookupSymbol(name=fromJson, scope=com.example.core.model.products.ProductsModel.CREATOR), LookupSymbol(name=createFromParcel, scope=com.example.core.model.products.ProductsModel.CREATOR), LookupSymbol(name=idp, scope=com.example.core.model.products.conten.ReviewItem), LookupSymbol(name=userAvatar, scope=com.example.core.model.products.conten.ReviewItem), LookupSymbol(name=<SAM-CONSTRUCTOR>, scope=com.example.core.model.products.ProductsModel), LookupSymbol(name=component1, scope=com.example.core.model.products.conten.ReviewItem), LookupSymbol(name=CREATOR, scope=com.example.core.model.products.ProductsModel), LookupSymbol(name=<SAM-CONSTRUCTOR>, scope=com.example.core.model.products.ProductsModel.CREATOR), LookupSymbol(name=newArray, scope=com.example.core.model.products.ProductsModel.CREATOR), LookupSymbol(name=copy, scope=com.example.core.model.products.conten.ReviewItem), LookupSymbol(name=userName, scope=com.example.core.model.products.conten.ReviewItem), LookupSymbol(name=component6, scope=com.example.core.model.products.conten.ReviewItem), LookupSymbol(name=component7, scope=com.example.core.model.products.conten.ReviewItem), LookupSymbol(name=<SAM-CONSTRUCTOR>, scope=com.example.core.model.products.conten.ReviewItem), LookupSymbol(name=empty, scope=com.example.core.model.products.ProductsModel.CREATOR), LookupSymbol(name=ReviewItem, scope=com.example.core.model.products.conten)], dirtyClassesFqNames=[com.example.core.model.products.conten.ReviewItem, com.example.core.model.products.ProductsModel, com.example.core.model.products.ProductsModel.CREATOR], dirtyClassesFqNamesForceRecompile=[])
	at org.jetbrains.kotlin.incremental.classpathDiff.ClasspathChangesComputer.toProgramSymbols(ClasspathChangesComputer.kt:364)
	at org.jetbrains.kotlin.incremental.classpathDiff.ClasspathChangesComputer.computeFineGrainedKotlinClassChanges(ClasspathChangesComputer.kt:264)
	at org.jetbrains.kotlin.incremental.classpathDiff.ClasspathChangesComputer.computeKotlinClassChanges(ClasspathChangesComputer.kt:164)
	at org.jetbrains.kotlin.incremental.classpathDiff.ClasspathChangesComputer.computeClassChanges(ClasspathChangesComputer.kt:137)
	at org.jetbrains.kotlin.incremental.classpathDiff.ClasspathChangesComputer.computeChangedAndImpactedSet(ClasspathChangesComputer.kt:87)
	at org.jetbrains.kotlin.incremental.classpathDiff.ClasspathChangesComputer.computeClasspathChanges(ClasspathChangesComputer.kt:55)
	at org.jetbrains.kotlin.incremental.dirtyFiles.ClasspathSnapshotBasedImpactDeterminer.determineChangedAndImpactedSymbols(ClasspathSnapshotBasedImpactDeterminer.kt:42)
	at org.jetbrains.kotlin.incremental.dirtyFiles.JvmSourcesToCompileCalculator.calculateSourcesToCompileImpl(JvmSourcesToCompileCalculator.kt:41)
	at org.jetbrains.kotlin.incremental.dirtyFiles.JvmSourcesToCompileCalculator.calculateWithClasspathSnapshot(JvmSourcesToCompileCalculator.kt:97)
	at org.jetbrains.kotlin.incremental.IncrementalJvmCompilerRunner.calculateSourcesToCompile(IncrementalJvmCompilerRunner.kt:60)
	at org.jetbrains.kotlin.incremental.IncrementalJvmCompilerRunner.calculateSourcesToCompile(IncrementalJvmCompilerRunner.kt:23)
	at org.jetbrains.kotlin.incremental.IncrementalCompilerRunner.tryCompileIncrementally$lambda$0$compile(IncrementalCompilerRunner.kt:225)
	at org.jetbrains.kotlin.incremental.IncrementalCompilerRunner.tryCompileIncrementally(IncrementalCompilerRunner.kt:267)
	at org.jetbrains.kotlin.incremental.IncrementalCompilerRunner.compile(IncrementalCompilerRunner.kt:119)
	at org.jetbrains.kotlin.daemon.CompileServiceImplBase.execIncrementalCompiler(CompileServiceImpl.kt:684)
	at org.jetbrains.kotlin.daemon.CompileServiceImplBase.access$execIncrementalCompiler(CompileServiceImpl.kt:94)
	at org.jetbrains.kotlin.daemon.CompileServiceImpl.compile(CompileServiceImpl.kt:1810)
	at jdk.internal.reflect.GeneratedMethodAccessor19.invoke(Unknown Source)
	at java.base/jdk.internal.reflect.DelegatingMethodAccessorImpl.invoke(DelegatingMethodAccessorImpl.java:43)
	at java.base/java.lang.reflect.Method.invoke(Method.java:568)
	at java.rmi/sun.rmi.server.UnicastServerRef.dispatch(UnicastServerRef.java:360)
	at java.rmi/sun.rmi.transport.Transport$1.run(Transport.java:200)
	at java.rmi/sun.rmi.transport.Transport$1.run(Transport.java:197)
	at java.base/java.security.AccessController.doPrivileged(AccessController.java:712)
	at java.rmi/sun.rmi.transport.Transport.serviceCall(Transport.java:196)
	at java.rmi/sun.rmi.transport.tcp.TCPTransport.handleMessages(TCPTransport.java:587)
	at java.rmi/sun.rmi.transport.tcp.TCPTransport$ConnectionHandler.run0(TCPTransport.java:828)
	at java.rmi/sun.rmi.transport.tcp.TCPTransport$ConnectionHandler.lambda$run$0(TCPTransport.java:705)
	at java.base/java.security.AccessController.doPrivileged(AccessController.java:399)
	at java.rmi/sun.rmi.transport.tcp.TCPTransport$ConnectionHandler.run(TCPTransport.java:704)
	at java.base/java.util.concurrent.ThreadPoolExecutor.runWorker(ThreadPoolExecutor.java:1136)
	at java.base/java.util.concurrent.ThreadPoolExecutor$Worker.run(ThreadPoolExecutor.java:635)
	at java.base/java.lang.Thread.run(Thread.java:842)


